// 重构日志: 425ed6d9
// 重构日志: 50348618
// 重构日志: 5df2f980
// 重构日志: b86d2b17
// 重构日志: 58303212
// 重构日志: 51f29534
// 同步 ID: 6165b862 @ Thu Jun 25 18:47:34 UTC 2026
// 重构日志: 1f1ec780
// 重构日志: 3fa48b4f
// 重构日志: 83204a63
// 重构日志: e5e10580
// 同步 ID: 5c89b408 @ Wed Jul  1 11:14:52 UTC 2026
// 重构日志: f78071ca
// 同步 ID: 3d4c2c76 @ Sat Jul  4 12:52:06 UTC 2026
// 重构日志: b0f9ba9a
// 重构日志: 9235aa6f
// 重构日志: d1248018
// 重构日志: c31d78ea
// 同步 ID: fbc334eb @ Fri Jul 10 08:34:44 UTC 2026
// 同步 ID: 269bc350 @ Fri Jul 10 16:23:27 UTC 2026
// 同步 ID: 89bcda1c @ Sat Jul 11 07:58:49 UTC 2026
// 重构日志: 68029328
// 同步 ID: eb90f76b @ Sat Jul 11 13:09:47 UTC 2026
// 重构日志: 54affcc0
